<?xml version="1.0" encoding="UTF-8"?>
<!-- Generated by org.testng.reporters.JUnitReportReporter -->
<testsuite skipped="0" hostname="LAPTOP-M53IEF0T" name="runner.RunnerAmazonIn" tests="2" failures="0" timestamp="11 Aug 2019 18:50:55 GMT" time="0.236" errors="0">
  <testcase name="runScenario" time="0.228" classname="runner.RunnerAmazonIn"/>
  <testcase name="runScenario" time="0.008" classname="runner.RunnerAmazonIn"/>
</testsuite> <!-- runner.RunnerAmazonIn -->
