<?xml version="1.0" encoding="UTF-8"?>
<!-- Generated by org.testng.reporters.JUnitReportReporter -->
<testsuite skipped="0" hostname="LAPTOP-M53IEF0T" name="runner.RunnerAmazonIn" tests="6" failures="0" timestamp="13 Mar 2019 12:07:28 GMT" time="0.273" errors="0">
  <testcase name="runScenario" time="0.004" classname="runner.RunnerAmazonIn"/>
  <testcase name="runScenario" time="0.006" classname="runner.RunnerAmazonIn"/>
  <testcase name="runScenario" time="0.004" classname="runner.RunnerAmazonIn"/>
  <testcase name="runScenario" time="0.249" classname="runner.RunnerAmazonIn"/>
  <testcase name="runScenario" time="0.003" classname="runner.RunnerAmazonIn"/>
  <testcase name="runScenario" time="0.007" classname="runner.RunnerAmazonIn"/>
</testsuite> <!-- runner.RunnerAmazonIn -->
