<?xml version="1.0" encoding="UTF-8"?>
<!-- Generated by org.testng.reporters.JUnitReportReporter -->
<testsuite skipped="0" hostname="LAPTOP-M53IEF0T" name="runner.RunnerAmazonIn" tests="2" failures="0" timestamp="15 Aug 2019 04:33:21 GMT" time="0.664" errors="0">
  <testcase name="runScenario" time="0.332" classname="runner.RunnerAmazonIn"/>
  <testcase name="runScenario" time="0.332" classname="runner.RunnerAmazonIn"/>
</testsuite> <!-- runner.RunnerAmazonIn -->
