<?xml version="1.0" encoding="UTF-8"?>
<!-- Generated by org.testng.reporters.JUnitReportReporter -->
<testsuite skipped="0" hostname="LAPTOP-M53IEF0T" name="runner.RunnerAmazonIn" tests="1" failures="0" timestamp="19 Jan 2019 20:15:01 GMT" time="13.088" errors="0">
  <testcase name="feature" time="13.088" classname="runner.RunnerAmazonIn"/>
</testsuite> <!-- runner.RunnerAmazonIn -->
