<?xml version="1.0" encoding="UTF-8"?>
<!-- Generated by org.testng.reporters.JUnitReportReporter -->
<testsuite skipped="0" hostname="LAPTOP-M53IEF0T" name="runner.RunnerAmazonIn" tests="1" failures="0" timestamp="21 Jan 2019 17:30:35 GMT" time="20.238" errors="0">
  <testcase name="feature" time="20.238" classname="runner.RunnerAmazonIn"/>
</testsuite> <!-- runner.RunnerAmazonIn -->
